This is pdfTeX, Version 3.1415926-1.40.10 (TeX Live 2009/Debian) (format=pdflatex 2011.7.4)  12 JUL 2011 18:14
entering extended mode
 %&-line parsing enabled.
**SA2.tex
(./SA2.tex
LaTeX2e <2009/09/24>
Babel <v3.8l> and hyphenation patterns for english, usenglishmax, dumylang, noh
yphenation, ngerman, german, german-x-2009-06-19, ngerman-x-2009-06-19, loaded.

(./settings.tex (/usr/share/texmf-texlive/tex/latex/koma-script/scrreprt.cls
Document Class: scrreprt 2009/07/24 v3.04a KOMA-Script document class (report)
(/usr/share/texmf-texlive/tex/latex/koma-script/scrkbase.sty
Package: scrkbase 2009/07/24 v3.04a KOMA-Script package (KOMA-Script-dependent 
basics and keyval usage)

(/usr/share/texmf-texlive/tex/latex/koma-script/scrbase.sty
Package: scrbase 2009/07/24 v3.04a KOMA-Script package (KOMA-Script-independent
 basics and keyval usage)

(/usr/share/texmf-texlive/tex/latex/graphics/keyval.sty
Package: keyval 1999/03/16 v1.13 key=value parser (DPC)
\KV@toks@=\toks14
)
(/usr/share/texmf-texlive/tex/latex/koma-script/scrlfile.sty
Package: scrlfile 2009/03/25 v3.03 KOMA-Script package (loading files)

Package scrlfile, 2009/03/25 v3.03 KOMA-Script package (loading files)
                  Copyright (C) Markus Kohm

))) (/usr/share/texmf-texlive/tex/latex/koma-script/tocbasic.sty
Package: tocbasic 2009/06/08 v3.03b KOMA-Script package (handling toc-files)
)
Package tocbasic Info: omitting babel extension for `toc'
(tocbasic)             because of feature `nobabel' available
(tocbasic)             for `toc' on input line 117.
Package tocbasic Info: omitting babel extension for `lof'
(tocbasic)             because of feature `nobabel' available
(tocbasic)             for `lof' on input line 118.
Package tocbasic Info: omitting babel extension for `lot'
(tocbasic)             because of feature `nobabel' available
(tocbasic)             for `lot' on input line 119.
Package scrreprt Info: You've used obsolete option `12pt'.
(scrreprt)             \KOMAExecuteOptions{fontsize=12pt} will be
(scrreprt)             used instead.
(scrreprt)             You may simply replace `12pt'
(scrreprt)             by `fontsize=12pt'.
Class scrreprt Info: File `scrsize12pt.clo' used to setup font sizes on input l
ine 1271.

(/usr/share/texmf-texlive/tex/latex/koma-script/scrsize12pt.clo
File: scrsize12pt.clo 2009/07/24 v3.04a KOMA-Script font size class option (12p
t)
)
(/usr/share/texmf-texlive/tex/latex/koma-script/typearea.sty
Package: typearea 2009/07/24 v3.04a KOMA-Script package (type area)

Package typearea, 2009/07/24 v3.04a KOMA-Script package (type area)
                  Copyright (C) Frank Neukam, 1992-1994
                  Copyright (C) Markus Kohm, 1994-

\ta@bcor=\skip41
\ta@div=\count79
Package typearea Info: You've used standard option `a4paper'.
(typearea)             This is correct!
(typearea)             Internaly I'm using `paper=a4'.
(typearea)             If you'd like to set the option with \KOMAoptions,
(typearea)             you'd have to use `paper=a4' there
(typearea)             instead of `a4paper', too.
\ta@hblk=\skip42
\ta@vblk=\skip43
\ta@temp=\skip44
Package typearea Info: These are the values describing the layout:
(typearea)             DIV  = 12
(typearea)             BCOR = 0.0pt
(typearea)             \paperwidth      = 597.50793pt
(typearea)              \textwidth      = 448.13095pt
(typearea)              DIV departure   = -6%
(typearea)              \evensidemargin = 2.4185pt
(typearea)              \oddsidemargin  = 2.4185pt
(typearea)             \paperheight     = 845.04694pt
(typearea)              \textheight     = 635.5pt
(typearea)              \topmargin      = -41.72441pt
(typearea)              \headheight     = 18.125pt
(typearea)              \headsep        = 21.75pt
(typearea)              \topskip        = 12.0pt
(typearea)              \footskip       = 50.75pt
(typearea)              \baselineskip   = 14.5pt
(typearea)              on input line 1115.
)
\c@part=\count80
\c@chapter=\count81
\c@section=\count82
\c@subsection=\count83
\c@subsubsection=\count84
\c@paragraph=\count85
\c@subparagraph=\count86
\abovecaptionskip=\skip45
\belowcaptionskip=\skip46
\c@pti@nb@sid@b@x=\box26
\c@figure=\count87
\c@table=\count88
\bibindent=\dimen102
) (/usr/share/texmf-texlive/tex/latex/base/inputenc.sty
Package: inputenc 2008/03/30 v1.1d Input encoding file
\inpenc@prehook=\toks15
\inpenc@posthook=\toks16

(/usr/share/texmf-texlive/tex/latex/base/utf8.def
File: utf8.def 2008/04/05 v1.1m UTF-8 support for inputenc
Now handling font encoding OML ...
... no UTF-8 mapping file for font encoding OML
Now handling font encoding T1 ...
... processing UTF-8 mapping file for font encoding T1

(/usr/share/texmf-texlive/tex/latex/base/t1enc.dfu
File: t1enc.dfu 2008/04/05 v1.1m UTF-8 support for inputenc
   defining Unicode char U+00A1 (decimal 161)
   defining Unicode char U+00A3 (decimal 163)
   defining Unicode char U+00AB (decimal 171)
   defining Unicode char U+00BB (decimal 187)
   defining Unicode char U+00BF (decimal 191)
   defining Unicode char U+00C0 (decimal 192)
   defining Unicode char U+00C1 (decimal 193)
   defining Unicode char U+00C2 (decimal 194)
   defining Unicode char U+00C3 (decimal 195)
   defining Unicode char U+00C4 (decimal 196)
   defining Unicode char U+00C5 (decimal 197)
   defining Unicode char U+00C6 (decimal 198)
   defining Unicode char U+00C7 (decimal 199)
   defining Unicode char U+00C8 (decimal 200)
   defining Unicode char U+00C9 (decimal 201)
   defining Unicode char U+00CA (decimal 202)
   defining Unicode char U+00CB (decimal 203)
   defining Unicode char U+00CC (decimal 204)
   defining Unicode char U+00CD (decimal 205)
   defining Unicode char U+00CE (decimal 206)
   defining Unicode char U+00CF (decimal 207)
   defining Unicode char U+00D0 (decimal 208)
   defining Unicode char U+00D1 (decimal 209)
   defining Unicode char U+00D2 (decimal 210)
   defining Unicode char U+00D3 (decimal 211)
   defining Unicode char U+00D4 (decimal 212)
   defining Unicode char U+00D5 (decimal 213)
   defining Unicode char U+00D6 (decimal 214)
   defining Unicode char U+00D8 (decimal 216)
   defining Unicode char U+00D9 (decimal 217)
   defining Unicode char U+00DA (decimal 218)
   defining Unicode char U+00DB (decimal 219)
   defining Unicode char U+00DC (decimal 220)
   defining Unicode char U+00DD (decimal 221)
   defining Unicode char U+00DE (decimal 222)
   defining Unicode char U+00DF (decimal 223)
   defining Unicode char U+00E0 (decimal 224)
   defining Unicode char U+00E1 (decimal 225)
   defining Unicode char U+00E2 (decimal 226)
   defining Unicode char U+00E3 (decimal 227)
   defining Unicode char U+00E4 (decimal 228)
   defining Unicode char U+00E5 (decimal 229)
   defining Unicode char U+00E6 (decimal 230)
   defining Unicode char U+00E7 (decimal 231)
   defining Unicode char U+00E8 (decimal 232)
   defining Unicode char U+00E9 (decimal 233)
   defining Unicode char U+00EA (decimal 234)
   defining Unicode char U+00EB (decimal 235)
   defining Unicode char U+00EC (decimal 236)
   defining Unicode char U+00ED (decimal 237)
   defining Unicode char U+00EE (decimal 238)
   defining Unicode char U+00EF (decimal 239)
   defining Unicode char U+00F0 (decimal 240)
   defining Unicode char U+00F1 (decimal 241)
   defining Unicode char U+00F2 (decimal 242)
   defining Unicode char U+00F3 (decimal 243)
   defining Unicode char U+00F4 (decimal 244)
   defining Unicode char U+00F5 (decimal 245)
   defining Unicode char U+00F6 (decimal 246)
   defining Unicode char U+00F8 (decimal 248)
   defining Unicode char U+00F9 (decimal 249)
   defining Unicode char U+00FA (decimal 250)
   defining Unicode char U+00FB (decimal 251)
   defining Unicode char U+00FC (decimal 252)
   defining Unicode char U+00FD (decimal 253)
   defining Unicode char U+00FE (decimal 254)
   defining Unicode char U+00FF (decimal 255)
   defining Unicode char U+0102 (decimal 258)
   defining Unicode char U+0103 (decimal 259)
   defining Unicode char U+0104 (decimal 260)
   defining Unicode char U+0105 (decimal 261)
   defining Unicode char U+0106 (decimal 262)
   defining Unicode char U+0107 (decimal 263)
   defining Unicode char U+010C (decimal 268)
   defining Unicode char U+010D (decimal 269)
   defining Unicode char U+010E (decimal 270)
   defining Unicode char U+010F (decimal 271)
   defining Unicode char U+0110 (decimal 272)
   defining Unicode char U+0111 (decimal 273)
   defining Unicode char U+0118 (decimal 280)
   defining Unicode char U+0119 (decimal 281)
   defining Unicode char U+011A (decimal 282)
   defining Unicode char U+011B (decimal 283)
   defining Unicode char U+011E (decimal 286)
   defining Unicode char U+011F (decimal 287)
   defining Unicode char U+0130 (decimal 304)
   defining Unicode char U+0131 (decimal 305)
   defining Unicode char U+0132 (decimal 306)
   defining Unicode char U+0133 (decimal 307)
   defining Unicode char U+0139 (decimal 313)
   defining Unicode char U+013A (decimal 314)
   defining Unicode char U+013D (decimal 317)
   defining Unicode char U+013E (decimal 318)
   defining Unicode char U+0141 (decimal 321)
   defining Unicode char U+0142 (decimal 322)
   defining Unicode char U+0143 (decimal 323)
   defining Unicode char U+0144 (decimal 324)
   defining Unicode char U+0147 (decimal 327)
   defining Unicode char U+0148 (decimal 328)
   defining Unicode char U+014A (decimal 330)
   defining Unicode char U+014B (decimal 331)
   defining Unicode char U+0150 (decimal 336)
   defining Unicode char U+0151 (decimal 337)
   defining Unicode char U+0152 (decimal 338)
   defining Unicode char U+0153 (decimal 339)
   defining Unicode char U+0154 (decimal 340)
   defining Unicode char U+0155 (decimal 341)
   defining Unicode char U+0158 (decimal 344)
   defining Unicode char U+0159 (decimal 345)
   defining Unicode char U+015A (decimal 346)
   defining Unicode char U+015B (decimal 347)
   defining Unicode char U+015E (decimal 350)
   defining Unicode char U+015F (decimal 351)
   defining Unicode char U+0160 (decimal 352)
   defining Unicode char U+0161 (decimal 353)
   defining Unicode char U+0162 (decimal 354)
   defining Unicode char U+0163 (decimal 355)
   defining Unicode char U+0164 (decimal 356)
   defining Unicode char U+0165 (decimal 357)
   defining Unicode char U+016E (decimal 366)
   defining Unicode char U+016F (decimal 367)
   defining Unicode char U+0170 (decimal 368)
   defining Unicode char U+0171 (decimal 369)
   defining Unicode char U+0178 (decimal 376)
   defining Unicode char U+0179 (decimal 377)
   defining Unicode char U+017A (decimal 378)
   defining Unicode char U+017B (decimal 379)
   defining Unicode char U+017C (decimal 380)
   defining Unicode char U+017D (decimal 381)
   defining Unicode char U+017E (decimal 382)
   defining Unicode char U+200C (decimal 8204)
   defining Unicode char U+2013 (decimal 8211)
   defining Unicode char U+2014 (decimal 8212)
   defining Unicode char U+2018 (decimal 8216)
   defining Unicode char U+2019 (decimal 8217)
   defining Unicode char U+201A (decimal 8218)
   defining Unicode char U+201C (decimal 8220)
   defining Unicode char U+201D (decimal 8221)
   defining Unicode char U+201E (decimal 8222)
   defining Unicode char U+2030 (decimal 8240)
   defining Unicode char U+2031 (decimal 8241)
   defining Unicode char U+2039 (decimal 8249)
   defining Unicode char U+203A (decimal 8250)
   defining Unicode char U+2423 (decimal 9251)
)
Now handling font encoding OT1 ...
... processing UTF-8 mapping file for font encoding OT1

(/usr/share/texmf-texlive/tex/latex/base/ot1enc.dfu
File: ot1enc.dfu 2008/04/05 v1.1m UTF-8 support for inputenc
   defining Unicode char U+00A1 (decimal 161)
   defining Unicode char U+00A3 (decimal 163)
   defining Unicode char U+00B8 (decimal 184)
   defining Unicode char U+00BF (decimal 191)
   defining Unicode char U+00C5 (decimal 197)
   defining Unicode char U+00C6 (decimal 198)
   defining Unicode char U+00D8 (decimal 216)
   defining Unicode char U+00DF (decimal 223)
   defining Unicode char U+00E6 (decimal 230)
   defining Unicode char U+00EC (decimal 236)
   defining Unicode char U+00ED (decimal 237)
   defining Unicode char U+00EE (decimal 238)
   defining Unicode char U+00EF (decimal 239)
   defining Unicode char U+00F8 (decimal 248)
   defining Unicode char U+0131 (decimal 305)
   defining Unicode char U+0141 (decimal 321)
   defining Unicode char U+0142 (decimal 322)
   defining Unicode char U+0152 (decimal 338)
   defining Unicode char U+0153 (decimal 339)
   defining Unicode char U+2013 (decimal 8211)
   defining Unicode char U+2014 (decimal 8212)
   defining Unicode char U+2018 (decimal 8216)
   defining Unicode char U+2019 (decimal 8217)
   defining Unicode char U+201C (decimal 8220)
   defining Unicode char U+201D (decimal 8221)
)
Now handling font encoding OMS ...
... processing UTF-8 mapping file for font encoding OMS

(/usr/share/texmf-texlive/tex/latex/base/omsenc.dfu
File: omsenc.dfu 2008/04/05 v1.1m UTF-8 support for inputenc
   defining Unicode char U+00A7 (decimal 167)
   defining Unicode char U+00B6 (decimal 182)
   defining Unicode char U+00B7 (decimal 183)
   defining Unicode char U+2020 (decimal 8224)
   defining Unicode char U+2021 (decimal 8225)
   defining Unicode char U+2022 (decimal 8226)
)
Now handling font encoding OMX ...
... no UTF-8 mapping file for font encoding OMX
Now handling font encoding U ...
... no UTF-8 mapping file for font encoding U
   defining Unicode char U+00A9 (decimal 169)
   defining Unicode char U+00AA (decimal 170)
   defining Unicode char U+00AE (decimal 174)
   defining Unicode char U+00BA (decimal 186)
   defining Unicode char U+02C6 (decimal 710)
   defining Unicode char U+02DC (decimal 732)
   defining Unicode char U+200C (decimal 8204)
   defining Unicode char U+2026 (decimal 8230)
   defining Unicode char U+2122 (decimal 8482)
   defining Unicode char U+2423 (decimal 9251)
))
(/usr/share/texmf-texlive/tex/latex/base/fontenc.sty
Package: fontenc 2005/09/27 v1.99g Standard LaTeX package

(/usr/share/texmf-texlive/tex/latex/base/t1enc.def
File: t1enc.def 2005/09/27 v1.99g Standard LaTeX file
LaTeX Font Info:    Redeclaring font encoding T1 on input line 43.
))
(/usr/share/texmf-texlive/tex/generic/babel/babel.sty
Package: babel 2008/07/06 v3.8l The Babel package

(/usr/share/texmf-texlive/tex/generic/babel/ngermanb.ldf
Language: ngermanb 2008/07/06 v2.6n new German support from the babel system

(/usr/share/texmf-texlive/tex/generic/babel/babel.def
File: babel.def 2008/07/06 v3.8l Babel common definitions
\babel@savecnt=\count89
\U@D=\dimen103
)
\l@naustrian = a dialect from \language\l@ngerman 
Package babel Info: Making " an active character on input line 92.
))
(/usr/share/texmf-texlive/tex/latex/tools/longtable.sty
Package: longtable 2004/02/01 v4.11 Multi-page Table package (DPC)
\LTleft=\skip47
\LTright=\skip48
\LTpre=\skip49
\LTpost=\skip50
\LTchunksize=\count90
\LTcapwidth=\dimen104
\LT@head=\box27
\LT@firsthead=\box28
\LT@foot=\box29
\LT@lastfoot=\box30
\LT@cols=\count91
\LT@rows=\count92
\c@LT@tables=\count93
\c@LT@chunks=\count94
\LT@p@ftn=\toks17
)
Class scrreprt Info: longtable captions redefined on input line 14.

(/usr/share/texmf-texlive/tex/latex/graphics/color.sty
Package: color 2005/11/14 v1.0j Standard LaTeX Color (DPC)

(/etc/texmf/tex/latex/config/color.cfg
File: color.cfg 2007/01/18 v1.5 color configuration of teTeX/TeXLive
)
Package color Info: Driver file: pdftex.def on input line 130.

(/usr/share/texmf-texlive/tex/latex/pdftex-def/pdftex.def
File: pdftex.def 2010/03/12 v0.04p Graphics/color for pdfTeX
\Gread@gobject=\count95
))
(/usr/share/texmf-texlive/tex/latex/listings/listings.sty
\lst@mode=\count96
\lst@gtempboxa=\box31
\lst@token=\toks18
\lst@length=\count97
\lst@currlwidth=\dimen105
\lst@column=\count98
\lst@pos=\count99
\lst@lostspace=\dimen106
\lst@width=\dimen107
\lst@newlines=\count100
\lst@lineno=\count101
\lst@maxwidth=\dimen108

(/usr/share/texmf-texlive/tex/latex/listings/lstmisc.sty
File: lstmisc.sty 2007/02/22 1.4 (Carsten Heinz)
\c@lstnumber=\count102
\lst@skipnumbers=\count103
\lst@framebox=\box32
)
(/usr/share/texmf-texlive/tex/latex/listings/listings.cfg
File: listings.cfg 2007/02/22 1.4 listings configuration
))
Package: listings 2007/02/22 1.4 (Carsten Heinz)

(/usr/share/texmf-texlive/tex/latex/tools/multicol.sty
Package: multicol 2008/12/05 v1.6h multicolumn formatting (FMi)
\c@tracingmulticols=\count104
\mult@box=\box33
\multicol@leftmargin=\dimen109
\c@unbalance=\count105
\c@collectmore=\count106
\doublecol@number=\count107
\multicoltolerance=\count108
\multicolpretolerance=\count109
\full@width=\dimen110
\page@free=\dimen111
\premulticols=\dimen112
\postmulticols=\dimen113
\multicolsep=\skip51
\multicolbaselineskip=\skip52
\partial@page=\box34
\last@line=\box35
\mult@rightbox=\box36
\mult@grightbox=\box37
\mult@gfirstbox=\box38
\mult@firstbox=\box39
\@tempa=\box40
\@tempa=\box41
\@tempa=\box42
\@tempa=\box43
\@tempa=\box44
\@tempa=\box45
\@tempa=\box46
\@tempa=\box47
\@tempa=\box48
\@tempa=\box49
\@tempa=\box50
\@tempa=\box51
\@tempa=\box52
\@tempa=\box53
\@tempa=\box54
\@tempa=\box55
\@tempa=\box56
\c@columnbadness=\count110
\c@finalcolumnbadness=\count111
\last@try=\dimen114
\multicolovershoot=\dimen115
\multicolundershoot=\dimen116
\mult@nat@firstbox=\box57
\colbreak@box=\box58
)
(/usr/share/texmf-texlive/tex/latex/float/float.sty
Package: float 2001/11/08 v1.3d Float enhancements (AL)
\c@float@type=\count112
\float@exts=\toks19
\float@box=\box59
\@float@everytoks=\toks20
\@floatcapt=\box60
)
(/usr/share/texmf-texlive/tex/latex/caption/caption.sty
Package: caption 2009/10/09 v3.1k Customizing captions (AR)

(/usr/share/texmf-texlive/tex/latex/caption/caption3.sty
Package: caption3 2009/10/09 v3.1k caption3 kernel (AR)
\captionmargin=\dimen117
\captionmargin@=\dimen118
\captionwidth=\dimen119
\caption@indent=\dimen120
\caption@parindent=\dimen121
\caption@hangindent=\dimen122
)
Package caption Info: KOMA-Script document class.
\c@ContinuedFloat=\count113
Package caption Info: float package is loaded.
Package caption Info: listings package is loaded.
Package caption Info: longtable package is loaded.

(/usr/share/texmf-texlive/tex/latex/caption/ltcaption.sty
Package: ltcaption 2008/03/28 v1.2 longtable captions (AR)
))
(/usr/share/texmf-texlive/tex/latex/subfig/subfig.sty
Package: subfig 2005/06/28 ver: 1.3 subfig package
\c@KVtest=\count114
\sf@farskip=\skip53
\sf@captopadj=\dimen123
\sf@capskip=\skip54
\sf@nearskip=\skip55
\c@subfigure=\count115
\c@subfigure@save=\count116
\c@lofdepth=\count117
\c@subtable=\count118
\c@subtable@save=\count119
\c@lotdepth=\count120
\sf@top=\skip56
\sf@bottom=\skip57
)
(/usr/share/texmf-texlive/tex/latex/natbib/natbib.sty
Package: natbib 2009/07/16 8.31 (PWD, AO)
\bibhang=\skip58
\bibsep=\skip59
LaTeX Info: Redefining \cite on input line 694.
\c@NAT@ctr=\count121
)
(/usr/share/texmf-texlive/tex/latex/amsmath/amsmath.sty
Package: amsmath 2000/07/18 v2.13 AMS math features
\@mathmargin=\skip60

For additional information on amsmath, use the `?' option.
(/usr/share/texmf-texlive/tex/latex/amsmath/amstext.sty
Package: amstext 2000/06/29 v2.01

(/usr/share/texmf-texlive/tex/latex/amsmath/amsgen.sty
File: amsgen.sty 1999/11/30 v2.0
\@emptytoks=\toks21
\ex@=\dimen124
))
(/usr/share/texmf-texlive/tex/latex/amsmath/amsbsy.sty
Package: amsbsy 1999/11/29 v1.2d
\pmbraise@=\dimen125
)
(/usr/share/texmf-texlive/tex/latex/amsmath/amsopn.sty
Package: amsopn 1999/12/14 v2.01 operator names
)
\inf@bad=\count122
LaTeX Info: Redefining \frac on input line 211.
\uproot@=\count123
\leftroot@=\count124
LaTeX Info: Redefining \overline on input line 307.
\classnum@=\count125
\DOTSCASE@=\count126
LaTeX Info: Redefining \ldots on input line 379.
LaTeX Info: Redefining \dots on input line 382.
LaTeX Info: Redefining \cdots on input line 467.
\Mathstrutbox@=\box61
\strutbox@=\box62
\big@size=\dimen126
LaTeX Font Info:    Redeclaring font encoding OML on input line 567.
LaTeX Font Info:    Redeclaring font encoding OMS on input line 568.
\macc@depth=\count127
\c@MaxMatrixCols=\count128
\dotsspace@=\muskip10
\c@parentequation=\count129
\dspbrk@lvl=\count130
\tag@help=\toks22
\row@=\count131
\column@=\count132
\maxfields@=\count133
\andhelp@=\toks23
\eqnshift@=\dimen127
\alignsep@=\dimen128
\tagshift@=\dimen129
\tagwidth@=\dimen130
\totwidth@=\dimen131
\lineht@=\dimen132
\@envbody=\toks24
\multlinegap=\skip61
\multlinetaggap=\skip62
\mathdisplay@stack=\toks25
LaTeX Info: Redefining \[ on input line 2666.
LaTeX Info: Redefining \] on input line 2667.
)
(/usr/share/texmf-texlive/tex/latex/mh/mathtools.sty
Package: mathtools 2008/08/01 v1.06 mathematical typesetting tools (MH)

(/usr/share/texmf-texlive/tex/latex/tools/calc.sty
Package: calc 2007/08/22 v4.3 Infix arithmetic (KKT,FJ)
\calc@Acount=\count134
\calc@Bcount=\count135
\calc@Adimen=\dimen133
\calc@Bdimen=\dimen134
\calc@Askip=\skip63
\calc@Bskip=\skip64
LaTeX Info: Redefining \setlength on input line 76.
LaTeX Info: Redefining \addtolength on input line 77.
\calc@Ccount=\count136
\calc@Cskip=\skip65
)
(/usr/share/texmf-texlive/tex/latex/mh/mhsetup.sty
Package: mhsetup 2007/12/03 v1.2 programming setup (MH)
)
\g_MT_multlinerow_int=\count137
\l_MT_multwidth_dim=\dimen135
)
(/usr/share/texmf-texlive/tex/latex/fancyhdr/fancyhdr.sty
\fancy@headwidth=\skip66
\f@ncyO@elh=\skip67
\f@ncyO@erh=\skip68
\f@ncyO@olh=\skip69
\f@ncyO@orh=\skip70
\f@ncyO@elf=\skip71
\f@ncyO@erf=\skip72
\f@ncyO@olf=\skip73
\f@ncyO@orf=\skip74
)
(/usr/share/texmf-texlive/tex/latex/bezos/accents.sty
Package: accents 2006/05/12 v1.3 Math Accent Tools
\cc@skew=\dimen136
\cc@wd=\dimen137
\cc@code=\count138
\cc@group=\count139
\cc@skewchar=\count140
)
(/usr/share/texmf-texlive/tex/latex/pstricks/pstricks.sty
Package: pstricks 2008/11/26 v0.40 LaTeX wrapper for `PSTricks' (RN,HV)

(/usr/share/texmf-texlive/tex/generic/pstricks/pstricks.tex
`PSTricks' v1.29  <2009/05/19> (tvz)
\pst@dima=\dimen138
\pst@dimb=\dimen139
\pst@dimc=\dimen140
\pst@dimd=\dimen141
\pst@dimg=\dimen142
\pst@dimh=\dimen143
\pst@hbox=\box63
\pst@boxg=\box64
\pst@cnta=\count141
\pst@cntb=\count142
\pst@cntc=\count143
\pst@cntd=\count144
\pst@cntg=\count145
\pst@cnth=\count146
\pst@toks=\toks26
(/usr/share/texmf-texlive/tex/generic/pstricks/pstricks.con)
\psunit=\dimen144
\psxunit=\dimen145
\psyunit=\dimen146
\pslinewidth=\dimen147
\pst@customdefs=\toks27
\pslinearc=\dimen148
\everypsbox=\toks28
\psframesep=\dimen149
\pslabelsep=\dimen150
\pst@shift=\dimen151
\theoverlaybox=\box65
)
File: pstricks.tex 2009/05/19 v1.29 `PSTricks' (tvz,hv)

(/usr/share/texmf/tex/latex/xcolor/xcolor.sty
Package: xcolor 2007/01/21 v2.11 LaTeX color extensions (UK)

(/etc/texmf/tex/latex/config/color.cfg
File: color.cfg 2007/01/18 v1.5 color configuration of teTeX/TeXLive
)
Package xcolor Info: Driver file: pdftex.def on input line 225.
LaTeX Info: Redefining \color on input line 702.
Package xcolor Info: Model `cmy' substituted by `cmy0' on input line 1337.
Package xcolor Info: Model `hsb' substituted by `rgb' on input line 1341.
Package xcolor Info: Model `RGB' extended on input line 1353.
Package xcolor Info: Model `HTML' substituted by `rgb' on input line 1355.
Package xcolor Info: Model `Hsb' substituted by `hsb' on input line 1356.
Package xcolor Info: Model `tHsb' substituted by `hsb' on input line 1357.
Package xcolor Info: Model `HSB' substituted by `hsb' on input line 1358.
Package xcolor Info: Model `Gray' substituted by `gray' on input line 1359.
Package xcolor Info: Model `wave' substituted by `hsb' on input line 1360.
))
(/usr/share/texmf-texlive/tex/latex/graphics/graphicx.sty
Package: graphicx 1999/02/16 v1.0f Enhanced LaTeX Graphics (DPC,SPQR)

(/usr/share/texmf-texlive/tex/latex/graphics/graphics.sty
Package: graphics 2009/02/05 v1.0o Standard LaTeX Graphics (DPC,SPQR)

(/usr/share/texmf-texlive/tex/latex/graphics/trig.sty
Package: trig 1999/03/16 v1.09 sin cos tan (DPC)
)
(/etc/texmf/tex/latex/config/graphics.cfg
File: graphics.cfg 2009/08/28 v1.8 graphics configuration of TeX Live
)
Package graphics Info: Driver file: pdftex.def on input line 91.
)
\Gin@req@height=\dimen152
\Gin@req@width=\dimen153
)
(/usr/share/texmf-texlive/tex/latex/ltxmisc/url.sty
\Urlmuskip=\muskip11
Package: url 2006/04/12  ver 3.3  Verb mode for urls, etc.
)
(/usr/share/texmf-texlive/tex/latex/base/textcomp.sty
Package: textcomp 2005/09/27 v1.99g Standard LaTeX package
Package textcomp Info: Sub-encoding information:
(textcomp)               5 = only ISO-Adobe without \textcurrency
(textcomp)               4 = 5 + \texteuro
(textcomp)               3 = 4 + \textohm
(textcomp)               2 = 3 + \textestimated + \textcurrency
(textcomp)               1 = TS1 - \textcircled - \t
(textcomp)               0 = TS1 (full)
(textcomp)             Font families with sub-encoding setting implement
(textcomp)             only a restricted character set as indicated.
(textcomp)             Family '?' is the default used for unknown fonts.
(textcomp)             See the documentation for details.
Package textcomp Info: Setting ? sub-encoding to TS1/1 on input line 71.

(/usr/share/texmf-texlive/tex/latex/base/ts1enc.def
File: ts1enc.def 2001/06/05 v3.0e (jk/car/fm) Standard LaTeX file
Now handling font encoding TS1 ...
... processing UTF-8 mapping file for font encoding TS1

(/usr/share/texmf-texlive/tex/latex/base/ts1enc.dfu
File: ts1enc.dfu 2008/04/05 v1.1m UTF-8 support for inputenc
   defining Unicode char U+00A2 (decimal 162)
   defining Unicode char U+00A3 (decimal 163)
   defining Unicode char U+00A4 (decimal 164)
   defining Unicode char U+00A5 (decimal 165)
   defining Unicode char U+00A6 (decimal 166)
   defining Unicode char U+00A7 (decimal 167)
   defining Unicode char U+00A8 (decimal 168)
   defining Unicode char U+00A9 (decimal 169)
   defining Unicode char U+00AA (decimal 170)
   defining Unicode char U+00AC (decimal 172)
   defining Unicode char U+00AE (decimal 174)
   defining Unicode char U+00AF (decimal 175)
   defining Unicode char U+00B0 (decimal 176)
   defining Unicode char U+00B1 (decimal 177)
   defining Unicode char U+00B2 (decimal 178)
   defining Unicode char U+00B3 (decimal 179)
   defining Unicode char U+00B4 (decimal 180)
   defining Unicode char U+00B5 (decimal 181)
   defining Unicode char U+00B6 (decimal 182)
   defining Unicode char U+00B7 (decimal 183)
   defining Unicode char U+00B9 (decimal 185)
   defining Unicode char U+00BA (decimal 186)
   defining Unicode char U+00BC (decimal 188)
   defining Unicode char U+00BD (decimal 189)
   defining Unicode char U+00BE (decimal 190)
   defining Unicode char U+00D7 (decimal 215)
   defining Unicode char U+00F7 (decimal 247)
   defining Unicode char U+0192 (decimal 402)
   defining Unicode char U+02C7 (decimal 711)
   defining Unicode char U+02D8 (decimal 728)
   defining Unicode char U+02DD (decimal 733)
   defining Unicode char U+0E3F (decimal 3647)
   defining Unicode char U+2016 (decimal 8214)
   defining Unicode char U+2020 (decimal 8224)
   defining Unicode char U+2021 (decimal 8225)
   defining Unicode char U+2022 (decimal 8226)
   defining Unicode char U+2030 (decimal 8240)
   defining Unicode char U+2031 (decimal 8241)
   defining Unicode char U+203B (decimal 8251)
   defining Unicode char U+203D (decimal 8253)
   defining Unicode char U+2044 (decimal 8260)
   defining Unicode char U+204E (decimal 8270)
   defining Unicode char U+2052 (decimal 8274)
   defining Unicode char U+20A1 (decimal 8353)
   defining Unicode char U+20A4 (decimal 8356)
   defining Unicode char U+20A6 (decimal 8358)
   defining Unicode char U+20A9 (decimal 8361)
   defining Unicode char U+20AB (decimal 8363)
   defining Unicode char U+20AC (decimal 8364)
   defining Unicode char U+20B1 (decimal 8369)
   defining Unicode char U+2103 (decimal 8451)
   defining Unicode char U+2116 (decimal 8470)
   defining Unicode char U+2117 (decimal 8471)
   defining Unicode char U+211E (decimal 8478)
   defining Unicode char U+2120 (decimal 8480)
   defining Unicode char U+2122 (decimal 8482)
   defining Unicode char U+2126 (decimal 8486)
   defining Unicode char U+2127 (decimal 8487)
   defining Unicode char U+212E (decimal 8494)
   defining Unicode char U+2190 (decimal 8592)
   defining Unicode char U+2191 (decimal 8593)
   defining Unicode char U+2192 (decimal 8594)
   defining Unicode char U+2193 (decimal 8595)
   defining Unicode char U+2329 (decimal 9001)
   defining Unicode char U+232A (decimal 9002)
   defining Unicode char U+2422 (decimal 9250)
   defining Unicode char U+25E6 (decimal 9702)
   defining Unicode char U+25EF (decimal 9711)
   defining Unicode char U+266A (decimal 9834)
))
LaTeX Info: Redefining \oldstylenums on input line 266.
Package textcomp Info: Setting cmr sub-encoding to TS1/0 on input line 281.
Package textcomp Info: Setting cmss sub-encoding to TS1/0 on input line 282.
Package textcomp Info: Setting cmtt sub-encoding to TS1/0 on input line 283.
Package textcomp Info: Setting cmvtt sub-encoding to TS1/0 on input line 284.
Package textcomp Info: Setting cmbr sub-encoding to TS1/0 on input line 285.
Package textcomp Info: Setting cmtl sub-encoding to TS1/0 on input line 286.
Package textcomp Info: Setting ccr sub-encoding to TS1/0 on input line 287.
Package textcomp Info: Setting ptm sub-encoding to TS1/4 on input line 288.
Package textcomp Info: Setting pcr sub-encoding to TS1/4 on input line 289.
Package textcomp Info: Setting phv sub-encoding to TS1/4 on input line 290.
Package textcomp Info: Setting ppl sub-encoding to TS1/3 on input line 291.
Package textcomp Info: Setting pag sub-encoding to TS1/4 on input line 292.
Package textcomp Info: Setting pbk sub-encoding to TS1/4 on input line 293.
Package textcomp Info: Setting pnc sub-encoding to TS1/4 on input line 294.
Package textcomp Info: Setting pzc sub-encoding to TS1/4 on input line 295.
Package textcomp Info: Setting bch sub-encoding to TS1/4 on input line 296.
Package textcomp Info: Setting put sub-encoding to TS1/5 on input line 297.
Package textcomp Info: Setting uag sub-encoding to TS1/5 on input line 298.
Package textcomp Info: Setting ugq sub-encoding to TS1/5 on input line 299.
Package textcomp Info: Setting ul8 sub-encoding to TS1/4 on input line 300.
Package textcomp Info: Setting ul9 sub-encoding to TS1/4 on input line 301.
Package textcomp Info: Setting augie sub-encoding to TS1/5 on input line 302.
Package textcomp Info: Setting dayrom sub-encoding to TS1/3 on input line 303.
Package textcomp Info: Setting dayroms sub-encoding to TS1/3 on input line 304.

Package textcomp Info: Setting pxr sub-encoding to TS1/0 on input line 305.
Package textcomp Info: Setting pxss sub-encoding to TS1/0 on input line 306.
Package textcomp Info: Setting pxtt sub-encoding to TS1/0 on input line 307.
Package textcomp Info: Setting txr sub-encoding to TS1/0 on input line 308.
Package textcomp Info: Setting txss sub-encoding to TS1/0 on input line 309.
Package textcomp Info: Setting txtt sub-encoding to TS1/0 on input line 310.
Package textcomp Info: Setting futs sub-encoding to TS1/4 on input line 311.
Package textcomp Info: Setting futx sub-encoding to TS1/4 on input line 312.
Package textcomp Info: Setting futj sub-encoding to TS1/4 on input line 313.
Package textcomp Info: Setting hlh sub-encoding to TS1/3 on input line 314.
Package textcomp Info: Setting hls sub-encoding to TS1/3 on input line 315.
Package textcomp Info: Setting hlst sub-encoding to TS1/3 on input line 316.
Package textcomp Info: Setting hlct sub-encoding to TS1/5 on input line 317.
Package textcomp Info: Setting hlx sub-encoding to TS1/5 on input line 318.
Package textcomp Info: Setting hlce sub-encoding to TS1/5 on input line 319.
Package textcomp Info: Setting hlcn sub-encoding to TS1/5 on input line 320.
Package textcomp Info: Setting hlcw sub-encoding to TS1/5 on input line 321.
Package textcomp Info: Setting hlcf sub-encoding to TS1/5 on input line 322.
Package textcomp Info: Setting pplx sub-encoding to TS1/3 on input line 323.
Package textcomp Info: Setting pplj sub-encoding to TS1/3 on input line 324.
Package textcomp Info: Setting ptmx sub-encoding to TS1/4 on input line 325.
Package textcomp Info: Setting ptmj sub-encoding to TS1/4 on input line 326.
)
(/usr/share/texmf-texlive/tex/latex/SIunits/SIunits.sty
Package: SIunits 2007/12/02 v1.36 Support for the International System of units
 (MH)


\@qskwidth=\skip75
LaTeX Font Info:    Redeclaring font encoding TS1 on input line 46.
\symgreek=\mathgroup4
(/usr/share/texmf-texlive/tex/latex/SIunits/SIunits.cfg)
LaTeX Info: Redefining \usk on input line 576.

Option `thinspace' provided!
LaTeX Info: Redefining \@qsk on input line 576.
Option `thinqspace' provided!
Option `textstyle' provided!
Option `squaren' provided!
) (/usr/share/texmf-texlive/tex/latex/babelbib/babelbib.sty
Package: babelbib 2009/10/10 v1.29 babelbib: multilingual bibliographies (HH)
)) (./SA2.aux)
\openout1 = `SA2.aux'.

LaTeX Font Info:    Checking defaults for OML/cmm/m/it on input line 5.
LaTeX Font Info:    ... okay on input line 5.
LaTeX Font Info:    Checking defaults for T1/cmr/m/n on input line 5.
LaTeX Font Info:    ... okay on input line 5.
LaTeX Font Info:    Checking defaults for OT1/cmr/m/n on input line 5.
LaTeX Font Info:    ... okay on input line 5.
LaTeX Font Info:    Checking defaults for OMS/cmsy/m/n on input line 5.
LaTeX Font Info:    ... okay on input line 5.
LaTeX Font Info:    Checking defaults for OMX/cmex/m/n on input line 5.
LaTeX Font Info:    ... okay on input line 5.
LaTeX Font Info:    Checking defaults for U/cmr/m/n on input line 5.
LaTeX Font Info:    ... okay on input line 5.
LaTeX Font Info:    Checking defaults for TS1/cmr/m/n on input line 5.
LaTeX Font Info:    Try loading font information for TS1+cmr on input line 5.

(/usr/share/texmf-texlive/tex/latex/base/ts1cmr.fd
File: ts1cmr.fd 1999/05/25 v2.5h Standard LaTeX font definitions
)
LaTeX Font Info:    ... okay on input line 5.

(/usr/share/texmf-texlive/tex/context/base/supp-pdf.mkii
[Loading MPS to PDF converter (version 2006.09.02).]
\scratchcounter=\count147
\scratchdimen=\dimen154
\scratchbox=\box66
\nofMPsegments=\count148
\nofMParguments=\count149
\everyMPshowfont=\toks29
\MPscratchCnt=\count150
\MPscratchDim=\dimen155
\MPnumerator=\count151
\everyMPtoPDFconversion=\toks30
)
\c@lstlisting=\count152
Package caption Info: Begin \AtBeginDocument code.
 (/usr/share/texmf-texlive/tex/latex/ms/ragged2e.sty
Package: ragged2e 2009/05/21 v2.1 ragged2e Package (MS)

(/usr/share/texmf-texlive/tex/latex/ms/everysel.sty
Package: everysel 1999/06/08 v1.03 EverySelectfont Package (MS)
LaTeX Info: Redefining \selectfont on input line 125.
)
\CenteringLeftskip=\skip76
\RaggedLeftLeftskip=\skip77
\RaggedRightLeftskip=\skip78
\CenteringRightskip=\skip79
\RaggedLeftRightskip=\skip80
\RaggedRightRightskip=\skip81
\CenteringParfillskip=\skip82
\RaggedLeftParfillskip=\skip83
\RaggedRightParfillskip=\skip84
\JustifyingParfillskip=\skip85
\CenteringParindent=\skip86
\RaggedLeftParindent=\skip87
\RaggedRightParindent=\skip88
\JustifyingParindent=\skip89
)
Package caption3 Info: subfig package 1.2 or 1.3 is loaded.
LaTeX Info: Redefining \subref on input line 5.
Package caption Info: End \AtBeginDocument code.

Option `squaren' provided! 
 Command \squaren defined by SIunits package!

LaTeX Info: Redefining \micro on input line 5.

Package SIunits Warning: The command \gray was already defined.
(SIunits)                Possibly due to the pstricks package.

Hint: use option `pstricks' or `Gray' with SIunits package.
See SIunits.dvi or readme.txt section: Known problems and limitations.

babelbib: Set bibliography fall-back language to ngerman
(/usr/share/texmf-texlive/tex/latex/babelbib/german.bdf
File: german.bdf 2009/10/10 v1.29 babelbib: multilingual bibliographies (HH)

babelbib extension \btxifchangecaseoff added to \extrasngerman
)
babelbib: Load BibTeX extensions \bibsngerman for ngerman
babelbib: Set language for keywords in the bibliography fixed to ngerman
babelbib: Set language for keywords in the bibliography fixed to german
LaTeX Font Info:    Try loading font information for T1+cmss on input line 17.
(/usr/share/texmf-texlive/tex/latex/base/t1cmss.fd
File: t1cmss.fd 1999/05/25 v2.5h Standard LaTeX font definitions
) [1
Non-PDF special ignored!
Non-PDF special ignored!
Non-PDF special ignored!



{/var/lib/texmf/fonts/map/pdftex/updmap/pdftex.map}]
(./SA2.toc
Class scrreprt Info: You've told me to use the font selection of the element
(scrreprt)           `sectioning' that is an alias of element `disposition'
(scrreprt)            on input line 2.
Class scrreprt Info: You've told me to use the font selection of the element
(scrreprt)           `sectioning' that is an alias of element `disposition'
(scrreprt)            on input line 3.
Class scrreprt Info: You've told me to use the font selection of the element
(scrreprt)           `sectioning' that is an alias of element `disposition'
(scrreprt)            on input line 4.
Class scrreprt Info: You've told me to use the font selection of the element
(scrreprt)           `sectioning' that is an alias of element `disposition'
(scrreprt)            on input line 18.
Class scrreprt Info: You've told me to use the font selection of the element
(scrreprt)           `sectioning' that is an alias of element `disposition'
(scrreprt)            on input line 30.
 [2

]
Class scrreprt Info: You've told me to use the font selection of the element
(scrreprt)           `sectioning' that is an alias of element `disposition'
(scrreprt)            on input line 41.
Class scrreprt Info: You've told me to use the font selection of the element
(scrreprt)           `sectioning' that is an alias of element `disposition'
(scrreprt)            on input line 42.
Class scrreprt Info: You've told me to use the font selection of the element
(scrreprt)           `sectioning' that is an alias of element `disposition'
(scrreprt)            on input line 43.
Class scrreprt Info: You've told me to use the font selection of the element
(scrreprt)           `sectioning' that is an alias of element `disposition'
(scrreprt)            on input line 44.
)
\tf@toc=\write3
\openout3 = `SA2.toc'.

 [3] (./SA2.lof)
\tf@lof=\write4
\openout4 = `SA2.lof'.

 [4

]
Kapitel 1.

Class scrreprt Warning: \float@addtolists detected!
(scrreprt)              You should use the features of package `tocbasic'
(scrreprt)              instead of \float@addtolists.
(scrreprt)              Support for \float@addtolists may be removed from
(scrreprt)              `scrreprt' soon .

[5

]
Kapitel 2.

Underfull \hbox (badness 10000) in paragraph at lines 46--47

 []


Underfull \hbox (badness 10000) in paragraph at lines 48--49

 []

(./pics/sketches/domain.tex
<pics/sketches/domain.pdf, id=21, 456.16507pt x 351.20462pt>
File: pics/sketches/domain.pdf Graphic file (type pdf)

<use pics/sketches/domain.pdf>)
Underfull \hbox (badness 10000) in paragraph at lines 60--61

 []

[6

 <./pics/sketches/domain.pdf>]

Package natbib Warning: Citation `gravemeier' on page 7 undefined on input line
 96.

[7]
Underfull \hbox (badness 10000) in paragraph at lines 127--128

 []


Underfull \hbox (badness 10000) in paragraph at lines 139--141

 []


Underfull \hbox (badness 10000) in paragraph at lines 142--143

 []

[8]
Underfull \hbox (badness 10000) in paragraph at lines 144--145

 []


LaTeX Warning: Reference `sec:grundlagen' on page 9 undefined on input line 163
.


Underfull \hbox (badness 10000) in paragraph at lines 162--164

 []

[9]
Underfull \hbox (badness 10000) in paragraph at lines 177--178

 []


LaTeX Warning: Reference `' on page 10 undefined on input line 193.


LaTeX Warning: Reference `' on page 10 undefined on input line 193.


Underfull \hbox (badness 10000) in paragraph at lines 184--194

 []


Underfull \hbox (badness 10000) in paragraph at lines 204--206

 []

[10]

LaTeX Warning: Reference `' on page 11 undefined on input line 217.


LaTeX Warning: Reference `' on page 11 undefined on input line 217.


LaTeX Warning: Reference `' on page 11 undefined on input line 217.


LaTeX Warning: Reference `' on page 11 undefined on input line 217.


Package natbib Warning: Citation `rasthofer' on page 11 undefined on input line
 217.

[11]
Kapitel 3.

Overfull \hbox (0.79507pt too wide) in paragraph at lines 241--243
\T1/cmr/m/n/12 In BA-CI sind be-reits zwei ver-schie-de-ne Schnit-tal-go-rith-m
en im-ple-men-tiert. Der ge-wünsch-
 []


Underfull \hbox (badness 10000) in paragraph at lines 249--254

 []


Underfull \hbox (badness 10000) in paragraph at lines 258--259

 []


Underfull \hbox (badness 10000) in paragraph at lines 260--261

 []


Underfull \hbox (badness 10000) in paragraph at lines 262--263

 []

[12

] <pics/sketches/decomp/case1.pdf, id=66, 54.28279pt x 70.3428pt>
File: pics/sketches/decomp/case1.pdf Graphic file (type pdf)

<use pics/sketches/decomp/case1.pdf>
<pics/sketches/decomp/case2.pdf, id=68, 54.28279pt x 70.3428pt>
File: pics/sketches/decomp/case2.pdf Graphic file (type pdf)

<use pics/sketches/decomp/case2.pdf>
<pics/sketches/decomp/case3.pdf, id=70, 54.28279pt x 70.3428pt>
File: pics/sketches/decomp/case3.pdf Graphic file (type pdf)

<use pics/sketches/decomp/case3.pdf>
<pics/sketches/decomp/decomposition1.pdf, id=72, 54.28279pt x 70.3428pt>
File: pics/sketches/decomp/decomposition1.pdf Graphic file (type pdf)

<use pics/sketches/decomp/decomposition1.pdf>
<pics/sketches/decomp/decomposition5.pdf, id=74, 85.59981pt x 69.53981pt>
File: pics/sketches/decomp/decomposition5.pdf Graphic file (type pdf)

<use pics/sketches/decomp/decomposition5.pdf>
<pics/sketches/decomp/decomposition6.pdf, id=76, 109.68979pt x 73.3139pt>
File: pics/sketches/decomp/decomposition6.pdf Graphic file (type pdf)

<use pics/sketches/decomp/decomposition6.pdf>
Overfull \hbox (23.08199pt too wide) in paragraph at lines 291--292
\T1/cmr/m/n/12 Bei dem Schnitt des Te-tra-eders mit dem In-ter-face wer-den wei
-te-re Tetraeder-Integrationszellen
 []

[13 <./pics/sketches/decomp/case1.pdf> <./pics/sketches/decomp/case2.pdf> <./pi
cs/sketches/decomp/case3.pdf>]
<pics/sketches/decomp/cut5.pdf, id=85, 41.4047pt x 69.40932pt>
File: pics/sketches/decomp/cut5.pdf Graphic file (type pdf)

<use pics/sketches/decomp/cut5.pdf>
<pics/sketches/decomp/cut4.pdf, id=87, 41.4047pt x 69.40932pt>
File: pics/sketches/decomp/cut4.pdf Graphic file (type pdf)

<use pics/sketches/decomp/cut4.pdf>
<pics/sketches/decomp/cut3.pdf, id=89, 41.4047pt x 69.40932pt>
File: pics/sketches/decomp/cut3.pdf Graphic file (type pdf)

<use pics/sketches/decomp/cut3.pdf>
<pics/sketches/decomp/cut1.pdf, id=91, 41.4047pt x 69.40932pt>
File: pics/sketches/decomp/cut1.pdf Graphic file (type pdf)

<use pics/sketches/decomp/cut1.pdf>
<pics/sketches/decomp/cut2.pdf, id=93, 41.4047pt x 69.40932pt>
File: pics/sketches/decomp/cut2.pdf Graphic file (type pdf)

<use pics/sketches/decomp/cut2.pdf> [14 <./pics/sketches/decomp/decomposition1.
pdf> <./pics/sketches/decomp/decomposition5.pdf> <./pics/sketches/decomp/decomp
osition6.pdf>] [15 <./pics/sketches/decomp/cut5.pdf> <./pics/sketches/decomp/cu
t4.pdf> <./pics/sketches/decomp/cut3.pdf> <./pics/sketches/decomp/cut1.pdf> <./
pics/sketches/decomp/cut2.pdf>]
Kapitel 4.
(./pics/sketches/zalesaks.tex
<pics/sketches/zalesaks.pdf, id=217, 348.50201pt x 348.50201pt>
File: pics/sketches/zalesaks.pdf Graphic file (type pdf)

<use pics/sketches/zalesaks.pdf>) [16

 <./pics/sketches/zalesaks.pdf>]
(./pics/sketches/twophaseflow.tex
<pics/sketches/twophaseflow.pdf, id=223, 508.52484pt x 396.10484pt>
File: pics/sketches/twophaseflow.pdf Graphic file (type pdf)

<use pics/sketches/twophaseflow.pdf>)
<pics/diagrams/plot.pdf, id=225, 361.35pt x 252.945pt>
File: pics/diagrams/plot.pdf Graphic file (type pdf)

<use pics/diagrams/plot.pdf>
<pics/diagrams/plotheight.pdf, id=226, 361.35pt x 252.945pt>
File: pics/diagrams/plotheight.pdf Graphic file (type pdf)

<use pics/diagrams/plotheight.pdf> [17 <./pics/sketches/twophaseflow.pdf>]
[18 <./pics/diagrams/plot.pdf> <./pics/diagrams/plotheight.pdf>]
Kapitel 5.
[19

]
Anhang A.
[20

]
Anhang B.
[21

] (./SA2.bbl
LaTeX Font Info:    Try loading font information for T1+cmtt on input line 15.
 (/usr/share/texmf-texlive/tex/latex/base/t1cmtt.fd
File: t1cmtt.fd 1999/05/25 v2.5h Standard LaTeX font definitions
))

Package natbib Warning: There were undefined citations.

[22


] (./SA2.aux)

LaTeX Warning: There were undefined references.

 ) 
Here is how much of TeX's memory you used:
 9953 strings out of 495021
 138784 string characters out of 1181036
 251590 words of memory out of 3000000
 12941 multiletter control sequences out of 15000+50000
 24776 words of font info for 63 fonts, out of 3000000 for 9000
 28 hyphenation exceptions out of 8191
 40i,12n,65p,641b,398s stack positions out of 5000i,500n,10000p,200000b,50000s
 </home/markus/.texmf-var/fonts/pk/ljfour/jknappen/ec/ectt1200.600pk> </home/
markus/.texmf-var/fonts/pk/ljfour/jknappen/ec/ecti1200.600pk> </home/markus/.te
xmf-var/fonts/pk/ljfour/jknappen/ec/eccc1200.600pk> </home/markus/.texmf-var/fo
nts/pk/ljfour/jknappen/ec/ecrm1000.600pk> </home/markus/.texmf-var/fonts/pk/ljf
our/jknappen/ec/ecrm0700.600pk> </home/markus/.texmf-var/fonts/pk/ljfour/jknapp
en/ec/ecrm0800.600pk> </home/markus/.texmf-var/fonts/pk/ljfour/jknappen/ec/ecbx
1200.600pk> </home/markus/.texmf-var/fonts/pk/ljfour/jknappen/ec/tcrm1200.600pk
> </home/markus/.texmf-var/fonts/pk/ljfour/jknappen/ec/ecsx1440.600pk> </home/m
arkus/.texmf-var/fonts/pk/ljfour/jknappen/ec/ecsx1728.600pk> </home/markus/.tex
mf-var/fonts/pk/ljfour/jknappen/ec/ecrm1200.600pk> </home/markus/.texmf-var/fon
ts/pk/ljfour/jknappen/ec/ecsx1200.600pk> </home/markus/.texmf-var/fonts/pk/ljfo
ur/jknappen/ec/ecrm1728.600pk> </home/markus/.texmf-var/fonts/pk/ljfour/jknappe
n/ec/ecsx2488.600pk></usr/share/texmf-texlive/fonts/type1/public/amsfonts/cm/cm
bx12.pfb></usr/share/texmf-texlive/fonts/type1/public/amsfonts/cm/cmbx8.pfb></u
sr/share/texmf-texlive/fonts/type1/public/amsfonts/cm/cmex10.pfb></usr/share/te
xmf-texlive/fonts/type1/public/amsfonts/cm/cmmi12.pfb></usr/share/texmf-texlive
/fonts/type1/public/amsfonts/cm/cmmi6.pfb></usr/share/texmf-texlive/fonts/type1
/public/amsfonts/cm/cmmi8.pfb></usr/share/texmf-texlive/fonts/type1/public/amsf
onts/cm/cmr12.pfb></usr/share/texmf-texlive/fonts/type1/public/amsfonts/cm/cmr1
7.pfb></usr/share/texmf-texlive/fonts/type1/public/amsfonts/cm/cmr6.pfb></usr/s
hare/texmf-texlive/fonts/type1/public/amsfonts/cm/cmr8.pfb></usr/share/texmf-te
xlive/fonts/type1/public/amsfonts/cm/cmsy10.pfb></usr/share/texmf-texlive/fonts
/type1/public/amsfonts/cm/cmsy6.pfb></usr/share/texmf-texlive/fonts/type1/publi
c/amsfonts/cm/cmsy8.pfb>
Output written on SA2.pdf (22 pages, 349400 bytes).
PDF statistics:
 708 PDF objects out of 1000 (max. 8388607)
 0 named destinations out of 1000 (max. 500000)
 81 words of extra memory for PDF output out of 10000 (max. 10000000)

